[2026-03-10T23:22:48.342Z] Starting iteration 1
[2026-03-10T23:25:48.373Z] Discovered 35 new + 0 carried-over = 35 total items, 1 groups, selected 1
[2026-03-10T23:25:48.373Z] Capped batch from 35 to 30 items (max 30)
[2026-03-10T23:25:48.373Z] Batch-executing 1 groups (30 items) in one subprocess
[2026-03-10T23:38:03.068Z] Read iteration feedback: 8 decisions, 5 patterns, 5 takeaways
[2026-03-10T23:38:03.107Z] Batch execute completed (code changes detected)
[2026-03-10T23:38:03.107Z] Running single review for all 1 groups
[2026-03-10T23:39:33.152Z] Batch review completed
[2026-03-10T23:39:33.227Z] Auto-committed: evolve(iteration-1): miscellaneous
[2026-03-10T23:39:33.230Z] Starting iteration 2
[2026-03-10T23:42:33.242Z] Discovered 41 new + -3 carried-over = 38 total items, 2 groups, selected 1
[2026-03-10T23:42:33.242Z] Capped batch from 37 to 30 items (max 30)
[2026-03-10T23:42:33.242Z] Batch-executing 1 groups (30 items) in one subprocess
[2026-03-10T23:59:47.543Z] Read iteration feedback: 10 decisions, 6 patterns, 7 takeaways
[2026-03-10T23:59:47.593Z] Batch execute completed (code changes detected)
[2026-03-10T23:59:47.593Z] Running single review for all 1 groups
[2026-03-11T00:02:14.830Z] Batch review completed
[2026-03-11T00:02:14.907Z] Auto-committed: evolve(iteration-2): miscellaneous
[2026-03-11T00:02:14.908Z] Starting iteration 3
[2026-03-11T00:05:14.936Z] Discovered 35 new + -3 carried-over = 32 total items, 2 groups, selected 1
[2026-03-11T00:05:14.936Z] Capped batch from 31 to 30 items (max 30)
[2026-03-11T00:05:14.936Z] Batch-executing 1 groups (30 items) in one subprocess
[2026-03-11T00:17:37.979Z] Read iteration feedback: 10 decisions, 6 patterns, 5 takeaways
[2026-03-11T00:17:38.025Z] Batch execute completed (code changes detected)
[2026-03-11T00:17:38.025Z] Running single review for all 1 groups
[2026-03-11T00:20:31.322Z] Batch review completed
[2026-03-11T00:20:31.384Z] Auto-committed: evolve(iteration-3): miscellaneous
[2026-03-11T00:20:31.385Z] Starting iteration 4
[2026-03-11T00:23:31.406Z] Discovered 31 new + -2 carried-over = 29 total items, 2 groups, selected 1
[2026-03-11T00:23:31.406Z] Batch-executing 1 groups (28 items) in one subprocess
[2026-03-11T00:38:46.022Z] Read iteration feedback: 10 decisions, 7 patterns, 7 takeaways
[2026-03-11T00:38:46.071Z] Batch execute completed (code changes detected)
[2026-03-11T00:38:46.071Z] Running single review for all 1 groups
[2026-03-11T00:39:42.012Z] Batch review completed
